<?xml version="1.0" encoding="UTF-8"?>
<!-- Generated by org.testng.reporters.JUnitXMLReporter -->
<testsuite ignored="1" hostname="DESKTOP-4C6DHLE" failures="0" tests="3" name="test" time="0.101" errors="0" timestamp="2022-11-18T14:30:01 IST">
  <testcase classname="Test.basic" name="Demo" time="0.011"/>
  <testcase classname="Test.basic2" name="Demo4" time="0.005"/>
  <testcase classname="Test.basic2" name="abssss" time="0.009"/>
  <testcase classname="Test.basic2" name="Demo1" time="0.0">
    <ignored/>
  </testcase> <!-- Demo1 -->
</testsuite> <!-- test -->
