<?xml version="1.0" encoding="UTF-8"?>
<!-- Generated by org.testng.reporters.JUnitXMLReporter -->
<testsuite ignored="0" hostname="DESKTOP-4C6DHLE" failures="0" tests="5" name="Test1" time="0.047" errors="0" timestamp="2022-11-18T14:30:01 IST">
  <testcase classname="Test.basic3" name="Demo5" time="0.004"/>
  <testcase classname="Test.basic3" name="Demo7" time="0.002"/>
  <testcase classname="Test.basic3" name="data" time="0.003"/>
  <testcase classname="Test.basic3" name="data" time="0.001"/>
  <testcase classname="Test.basic3" name="data" time="0.003"/>
</testsuite> <!-- Test1 -->
