<?xml version="1.0" encoding="UTF-8"?>
<!-- Generated by org.testng.reporters.JUnitXMLReporter -->
<testsuite ignored="1" hostname="DESKTOP-4C6DHLE" failures="0" tests="2" name="Default test" time="0.093" errors="0" timestamp="2022-11-18T10:39:25 IST">
  <testcase classname="Test.basic2" name="Demo4" time="0.013"/>
  <testcase classname="Test.basic2" name="abssss" time="0.004"/>
  <testcase classname="Test.basic2" name="Demo1" time="0.0">
    <ignored/>
  </testcase> <!-- Demo1 -->
</testsuite> <!-- Default test -->
