<?xml version="1.0" encoding="UTF-8"?>
<testng-results ignored="1" total="9" passed="8" failed="0" skipped="0">
  <reporter-output>
  </reporter-output>
  <suite started-at="2022-11-18T14:30:00 IST" name="loan" finished-at="2022-11-18T14:30:01 IST" duration-ms="282">
    <groups>
      <group name="smoke">
        <method signature="basic.Demo()[pri:0, instance:Test.basic@6631f5ca]" name="Demo" class="Test.basic"/>
        <method signature="basic3.Demo7()[pri:0, instance:Test.basic3@169e6180]" name="Demo7" class="Test.basic3"/>
      </group> <!-- smoke -->
    </groups>
    <test started-at="2022-11-18T14:30:00 IST" name="test" finished-at="2022-11-18T14:30:00 IST" duration-ms="101">
      <class name="Test.basic2">
        <test-method signature="Demo4(java.lang.String)[pri:0, instance:Test.basic2@1a4013]" started-at="2022-11-18T14:30:00 IST" name="Demo4" finished-at="2022-11-18T14:30:00 IST" duration-ms="5" status="PASS">
          <params>
            <param index="0">
              <value>
                <![CDATA[test.com.test]]>
              </value>
            </param>
          </params>
          <reporter-output>
          </reporter-output>
        </test-method> <!-- Demo4 -->
        <test-method signature="abssss()[pri:0, instance:Test.basic2@1a4013]" started-at="2022-11-18T14:30:00 IST" name="abssss" finished-at="2022-11-18T14:30:00 IST" depends-on-methods="Test.basic2.Demo4" duration-ms="9" status="PASS">
          <reporter-output>
          </reporter-output>
        </test-method> <!-- abssss -->
      </class> <!-- Test.basic2 -->
      <class name="Test.basic">
        <test-method signature="Demo()[pri:0, instance:Test.basic@6631f5ca]" started-at="2022-11-18T14:30:00 IST" name="Demo" finished-at="2022-11-18T14:30:00 IST" duration-ms="11" status="PASS">
          <reporter-output>
          </reporter-output>
        </test-method> <!-- Demo -->
        <test-method is-config="true" signature="Demo2()[pri:0, instance:Test.basic@6631f5ca]" started-at="2022-11-18T14:30:00 IST" name="Demo2" finished-at="2022-11-18T14:30:00 IST" duration-ms="1" status="PASS">
          <reporter-output>
          </reporter-output>
        </test-method> <!-- Demo2 -->
      </class> <!-- Test.basic -->
    </test> <!-- test -->
    <test started-at="2022-11-18T14:30:01 IST" name="Test1" finished-at="2022-11-18T14:30:01 IST" duration-ms="47">
      <class name="Test.basic3">
        <test-method is-config="true" signature="bfsuite()[pri:0, instance:Test.basic3@169e6180]" started-at="2022-11-18T14:30:00 IST" name="bfsuite" finished-at="2022-11-18T14:30:00 IST" duration-ms="11" status="PASS">
          <reporter-output>
          </reporter-output>
        </test-method> <!-- bfsuite -->
        <test-method is-config="true" signature="bfclass()[pri:0, instance:Test.basic3@169e6180]" started-at="2022-11-18T14:30:01 IST" name="bfclass" finished-at="2022-11-18T14:30:01 IST" duration-ms="0" status="PASS">
          <reporter-output>
          </reporter-output>
        </test-method> <!-- bfclass -->
        <test-method signature="Demo5(java.lang.String,java.lang.String)[pri:0, instance:Test.basic3@169e6180]" started-at="2022-11-18T14:30:01 IST" name="Demo5" finished-at="2022-11-18T14:30:01 IST" duration-ms="4" status="PASS">
          <params>
            <param index="0">
              <value>
                <![CDATA[test.com]]>
              </value>
            </param>
            <param index="1">
              <value>
                <![CDATA[test2.com]]>
              </value>
            </param>
          </params>
          <reporter-output>
          </reporter-output>
        </test-method> <!-- Demo5 -->
        <test-method is-config="true" signature="bfmethod()[pri:0, instance:Test.basic3@169e6180]" started-at="2022-11-18T14:30:01 IST" name="bfmethod" finished-at="2022-11-18T14:30:01 IST" duration-ms="2" status="PASS">
          <reporter-output>
          </reporter-output>
        </test-method> <!-- bfmethod -->
        <test-method signature="Demo7()[pri:0, instance:Test.basic3@169e6180]" started-at="2022-11-18T14:30:01 IST" name="Demo7" finished-at="2022-11-18T14:30:01 IST" duration-ms="2" status="PASS">
          <reporter-output>
          </reporter-output>
        </test-method> <!-- Demo7 -->
        <test-method is-config="true" signature="bfmethod()[pri:0, instance:Test.basic3@169e6180]" started-at="2022-11-18T14:30:01 IST" name="bfmethod" finished-at="2022-11-18T14:30:01 IST" duration-ms="1" status="PASS">
          <reporter-output>
          </reporter-output>
        </test-method> <!-- bfmethod -->
        <test-method signature="data(java.lang.String,java.lang.String)[pri:0, instance:Test.basic3@169e6180]" started-at="2022-11-18T14:30:01 IST" name="data" data-provider="getData" finished-at="2022-11-18T14:30:01 IST" duration-ms="3" status="PASS">
          <params>
            <param index="0">
              <value>
                <![CDATA[firstsetusername]]>
              </value>
            </param>
            <param index="1">
              <value>
                <![CDATA[firstpassword]]>
              </value>
            </param>
          </params>
          <reporter-output>
          </reporter-output>
        </test-method> <!-- data -->
        <test-method signature="data(java.lang.String,java.lang.String)[pri:0, instance:Test.basic3@169e6180]" started-at="2022-11-18T14:30:01 IST" name="data" data-provider="getData" finished-at="2022-11-18T14:30:01 IST" duration-ms="1" status="PASS">
          <params>
            <param index="0">
              <value>
                <![CDATA[secondsetusername]]>
              </value>
            </param>
            <param index="1">
              <value>
                <![CDATA[secondpassword]]>
              </value>
            </param>
          </params>
          <reporter-output>
          </reporter-output>
        </test-method> <!-- data -->
        <test-method is-config="true" signature="bfmethod()[pri:0, instance:Test.basic3@169e6180]" started-at="2022-11-18T14:30:01 IST" name="bfmethod" finished-at="2022-11-18T14:30:01 IST" duration-ms="0" status="PASS">
          <reporter-output>
          </reporter-output>
        </test-method> <!-- bfmethod -->
        <test-method is-config="true" signature="bfmethod()[pri:0, instance:Test.basic3@169e6180]" started-at="2022-11-18T14:30:01 IST" name="bfmethod" finished-at="2022-11-18T14:30:01 IST" duration-ms="0" status="PASS">
          <reporter-output>
          </reporter-output>
        </test-method> <!-- bfmethod -->
        <test-method signature="data(java.lang.String,java.lang.String)[pri:0, instance:Test.basic3@169e6180]" started-at="2022-11-18T14:30:01 IST" name="data" data-provider="getData" finished-at="2022-11-18T14:30:01 IST" duration-ms="3" status="PASS">
          <params>
            <param index="0">
              <value>
                <![CDATA[thirdsetusername]]>
              </value>
            </param>
            <param index="1">
              <value>
                <![CDATA[thirdpassword]]>
              </value>
            </param>
          </params>
          <reporter-output>
          </reporter-output>
        </test-method> <!-- data -->
        <test-method is-config="true" signature="bfmethod()[pri:0, instance:Test.basic3@169e6180]" started-at="2022-11-18T14:30:01 IST" name="bfmethod" finished-at="2022-11-18T14:30:01 IST" duration-ms="0" status="PASS">
          <reporter-output>
          </reporter-output>
        </test-method> <!-- bfmethod -->
        <test-method is-config="true" signature="afclass()[pri:0, instance:Test.basic3@169e6180]" started-at="2022-11-18T14:30:01 IST" name="afclass" finished-at="2022-11-18T14:30:01 IST" duration-ms="0" status="PASS">
          <reporter-output>
          </reporter-output>
        </test-method> <!-- afclass -->
      </class> <!-- Test.basic3 -->
      <class name="Test.basic">
        <test-method is-config="true" signature="afsuite()[pri:0, instance:Test.basic@6631f5ca]" started-at="2022-11-18T14:30:01 IST" name="afsuite" finished-at="2022-11-18T14:30:01 IST" duration-ms="0" status="PASS">
          <reporter-output>
          </reporter-output>
        </test-method> <!-- afsuite -->
      </class> <!-- Test.basic -->
    </test> <!-- Test1 -->
  </suite> <!-- loan -->
</testng-results>
